# JRE version: Java(TM) SE Runtime Environment (8.0_73-b02) (build 1.8.0_73-b02)
# Java VM: Java HotSpot(TM) 64-Bit Server VM (25.73-b02 mixed mode bsd-amd64 compressed oops)
Heap:
 PSYoungGen      total 129536K, used 74424K [0x000000076ab00000, 0x0000000774180000, 0x00000007c0000000)
  eden space 119296K, 53% used [0x000000076ab00000,0x000000076e9b3a58,0x0000000771f80000)
  from space 10240K, 99% used [0x0000000773080000,0x0000000773a7a830,0x0000000773a80000)
  to   space 17408K, 0% used [0x0000000771f80000,0x0000000771f80000,0x0000000773080000)
 ParOldGen       total 183808K, used 22860K [0x00000006c0000000, 0x00000006cb380000, 0x000000076ab00000)
  object space 183808K, 12% used [0x00000006c0000000,0x00000006c1653198,0x00000006cb380000)
 Metaspace       used 54797K, capacity 55150K, committed 55512K, reserved 1097728K
  class space    used 6818K, capacity 6905K, committed 6912K, reserved 1048576K
GC Heap History (10 events):
Event: 1.439 GC heap before
{Heap before GC invocations=4 (full 1):
 PSYoungGen      total 76288K, used 65536K [0x000000076ab00000, 0x0000000774000000, 0x00000007c0000000)
  eden space 65536K, 100% used [0x000000076ab00000,0x000000076eb00000,0x000000076eb00000)
  from space 10752K, 0% used [0x000000076f580000,0x000000076f580000,0x0000000770000000)
  to   space 10752K, 0% used [0x000000076eb00000,0x000000076eb00000,0x000000076f580000)
 ParOldGen       total 111104K, used 6489K [0x00000006c0000000, 0x00000006c6c80000, 0x000000076ab00000)
  object space 111104K, 5% used [0x00000006c0000000,0x00000006c06567f0,0x00000006c6c80000)
 Metaspace       used 23040K, capacity 23226K, committed 23552K, reserved 1069056K
  class space    used 2993K, capacity 3043K, committed 3072K, reserved 1048576K
Event: 1.442 GC heap after
Heap after GC invocations=4 (full 1):
 PSYoungGen      total 76288K, used 3015K [0x000000076ab00000, 0x0000000771980000, 0x00000007c0000000)
  eden space 65536K, 0% used [0x000000076ab00000,0x000000076ab00000,0x000000076eb00000)
  from space 10752K, 28% used [0x000000076eb00000,0x000000076edf1f30,0x000000076f580000)
  to   space 10752K, 0% used [0x0000000770f00000,0x0000000770f00000,0x0000000771980000)
 ParOldGen       total 111104K, used 6497K [0x00000006c0000000, 0x00000006c6c80000, 0x000000076ab00000)
  object space 111104K, 5% used [0x00000006c0000000,0x00000006c06587f0,0x00000006c6c80000)
 Metaspace       used 23040K, capacity 23226K, committed 23552K, reserved 1069056K
  class space    used 2993K, capacity 3043K, committed 3072K, reserved 1048576K
}
Event: 1.998 GC heap before
{Heap before GC invocations=5 (full 1):
 PSYoungGen      total 76288K, used 68551K [0x000000076ab00000, 0x0000000771980000, 0x00000007c0000000)
  eden space 65536K, 100% used [0x000000076ab00000,0x000000076eb00000,0x000000076eb00000)
  from space 10752K, 28% used [0x000000076eb00000,0x000000076edf1f30,0x000000076f580000)
  to   space 10752K, 0% used [0x0000000770f00000,0x0000000770f00000,0x0000000771980000)
 ParOldGen       total 111104K, used 6497K [0x00000006c0000000, 0x00000006c6c80000, 0x000000076ab00000)
  object space 111104K, 5% used [0x00000006c0000000,0x00000006c06587f0,0x00000006c6c80000)
 Metaspace       used 28780K, capacity 28998K, committed 29184K, reserved 1075200K
  class space    used 3724K, capacity 3813K, committed 3840K, reserved 1048576K
Event: 2.003 GC heap after
Heap after GC invocations=5 (full 1):
 PSYoungGen      total 100352K, used 6087K [0x000000076ab00000, 0x0000000771880000, 0x00000007c0000000)
  eden space 90624K, 0% used [0x000000076ab00000,0x000000076ab00000,0x0000000770380000)
  from space 9728K, 62% used [0x0000000770f00000,0x00000007714f1f48,0x0000000771880000)
  to   space 10752K, 0% used [0x0000000770380000,0x0000000770380000,0x0000000770e00000)
 ParOldGen       total 111104K, used 6505K [0x00000006c0000000, 0x00000006c6c80000, 0x000000076ab00000)
  object space 111104K, 5% used [0x00000006c0000000,0x00000006c065a7f0,0x00000006c6c80000)
 Metaspace       used 28780K, capacity 28998K, committed 29184K, reserved 1075200K
  class space    used 3724K, capacity 3813K, committed 3840K, reserved 1048576K
}
Event: 2.568 GC heap before
{Heap before GC invocations=6 (full 1):
 PSYoungGen      total 100352K, used 83873K [0x000000076ab00000, 0x0000000771880000, 0x00000007c0000000)
  eden space 90624K, 85% used [0x000000076ab00000,0x000000076f6f68a0,0x0000000770380000)
  from space 9728K, 62% used [0x0000000770f00000,0x00000007714f1f48,0x0000000771880000)
  to   space 10752K, 0% used [0x0000000770380000,0x0000000770380000,0x0000000770e00000)
 ParOldGen       total 111104K, used 6505K [0x00000006c0000000, 0x00000006c6c80000, 0x000000076ab00000)
  object space 111104K, 5% used [0x00000006c0000000,0x00000006c065a7f0,0x00000006c6c80000)
 Metaspace       used 34969K, capacity 35166K, committed 35416K, reserved 1079296K
  class space    used 4588K, capacity 4649K, committed 4736K, reserved 1048576K
Event: 2.576 GC heap after
Heap after GC invocations=6 (full 1):
 PSYoungGen      total 101376K, used 9717K [0x000000076ab00000, 0x0000000773a80000, 0x00000007c0000000)
  eden space 90624K, 0% used [0x000000076ab00000,0x000000076ab00000,0x0000000770380000)
  from space 10752K, 90% used [0x0000000770380000,0x0000000770cfd4c8,0x0000000770e00000)
  to   space 10240K, 0% used [0x0000000773080000,0x0000000773080000,0x0000000773a80000)
 ParOldGen       total 111104K, used 6513K [0x00000006c0000000, 0x00000006c6c80000, 0x000000076ab00000)
  object space 111104K, 5% used [0x00000006c0000000,0x00000006c065c7f0,0x00000006c6c80000)
 Metaspace       used 34969K, capacity 35166K, committed 35416K, reserved 1079296K
  class space    used 4588K, capacity 4649K, committed 4736K, reserved 1048576K
}
Event: 2.576 GC heap before
{Heap before GC invocations=7 (full 2):
 PSYoungGen      total 101376K, used 9717K [0x000000076ab00000, 0x0000000773a80000, 0x00000007c0000000)
  eden space 90624K, 0% used [0x000000076ab00000,0x000000076ab00000,0x0000000770380000)
  from space 10752K, 90% used [0x0000000770380000,0x0000000770cfd4c8,0x0000000770e00000)
  to   space 10240K, 0% used [0x0000000773080000,0x0000000773080000,0x0000000773a80000)
 ParOldGen       total 111104K, used 6513K [0x00000006c0000000, 0x00000006c6c80000, 0x000000076ab00000)
  object space 111104K, 5% used [0x00000006c0000000,0x00000006c065c7f0,0x00000006c6c80000)
 Metaspace       used 34969K, capacity 35166K, committed 35416K, reserved 1079296K
  class space    used 4588K, capacity 4649K, committed 4736K, reserved 1048576K
Event: 2.606 GC heap after
Heap after GC invocations=7 (full 2):
 PSYoungGen      total 101376K, used 0K [0x000000076ab00000, 0x0000000773a80000, 0x00000007c0000000)
  eden space 90624K, 0% used [0x000000076ab00000,0x000000076ab00000,0x0000000770380000)
  from space 10752K, 0% used [0x0000000770380000,0x0000000770380000,0x0000000770e00000)
  to   space 10240K, 0% used [0x0000000773080000,0x0000000773080000,0x0000000773a80000)
 ParOldGen       total 183808K, used 13614K [0x00000006c0000000, 0x00000006cb380000, 0x000000076ab00000)
  object space 183808K, 7% used [0x00000006c0000000,0x00000006c0d4b860,0x00000006cb380000)
 Metaspace       used 34969K, capacity 35166K, committed 35416K, reserved 1079296K
  class space    used 4588K, capacity 4649K, committed 4736K, reserved 1048576K
}
Event: 38.434 GC heap before
{Heap before GC invocations=8 (full 2):
 PSYoungGen      total 101376K, used 90568K [0x000000076ab00000, 0x0000000773a80000, 0x00000007c0000000)
  eden space 90624K, 99% used [0x000000076ab00000,0x0000000770372088,0x0000000770380000)
  from space 10752K, 0% used [0x0000000770380000,0x0000000770380000,0x0000000770e00000)
  to   space 10240K, 0% used [0x0000000773080000,0x0000000773080000,0x0000000773a80000)
 ParOldGen       total 183808K, used 13614K [0x00000006c0000000, 0x00000006cb380000, 0x000000076ab00000)
  object space 183808K, 7% used [0x00000006c0000000,0x00000006c0d4b860,0x00000006cb380000)
 Metaspace       used 54325K, capacity 54734K, committed 55000K, reserved 1097728K
  class space    used 6780K, capacity 6873K, committed 6912K, reserved 1048576K
Event: 38.445 GC heap after
Heap after GC invocations=8 (full 2):
 PSYoungGen      total 129536K, used 10218K [0x000000076ab00000, 0x0000000774180000, 0x00000007c0000000)
  eden space 119296K, 0% used [0x000000076ab00000,0x000000076ab00000,0x0000000771f80000)
  from space 10240K, 99% used [0x0000000773080000,0x0000000773a7a830,0x0000000773a80000)
  to   space 17408K, 0% used [0x0000000771f80000,0x0000000771f80000,0x0000000773080000)
 ParOldGen       total 183808K, used 22860K [0x00000006c0000000, 0x00000006cb380000, 0x000000076ab00000)
  object space 183808K, 12% used [0x00000006c0000000,0x00000006c1653198,0x00000006cb380000)
 Metaspace       used 54325K, capacity 54734K, committed 55000K, reserved 1097728K
  class space    used 6780K, capacity 6873K, committed 6912K, reserved 1048576K
}

